C51 COMPILER V9.52.0.0   KEYPAD                                                            08/16/2015 16:49:23 PAGE 1   


C51 COMPILER V9.52.0.0, COMPILATION OF MODULE KEYPAD
OBJECT MODULE PLACED IN ..\..\Output\keypad.obj
COMPILER INVOKED BY: C:\Keil\C51\BIN\C51.EXE ..\..\source\HAL\keypad.c BROWSE INCDIR(..\..\source;..\..\source\HAL) DEBU
                    -G OBJECTEXTEND PRINT(.\keypad.lst) OBJECT(..\..\Output\keypad.obj)

line level    source

   1          //#include "config.h"
   2          #include "common.h"
   3          
   4          static uint8 key_value;
   5          static uint8 last_key_value;
   6          
   7          void Keypad_init()
   8          {
   9   1              SET_IN_KEY_UP;
  10   1              SET_IN_KEY_DOWN;
  11   1              SET_IN_KEY_LEFT;
  12   1              SET_IN_KEY_RIGHT;
  13   1              SET_IN_KEY_A;
  14   1              
  15   1              key_value = 0;
  16   1              last_key_value = 0;
  17   1      }
  18          
  19          void Keypad_scan_poll()
  20          {
  21   1              if(GET_KEYPAD_A == KEY_PRESS_STATE)
  22   1              {
  23   2                      key_value = KEY_VALUE_A;
  24   2              }
  25   1              else if(GET_KEYPAD_UP == KEY_PRESS_STATE)
  26   1              {
  27   2                      key_value = KEY_VALUE_UP;
  28   2              }
  29   1              else if(GET_KEYPAD_DOWN == KEY_PRESS_STATE)
  30   1              {
  31   2                      key_value = GET_KEYPAD_DOWN;
  32   2              }
  33   1              else if(GET_KEYPAD_LEFT == KEY_PRESS_STATE)
  34   1              {
  35   2                      key_value = GET_KEYPAD_LEFT;
  36   2              }
  37   1              else if(GET_KEYPAD_RIGHT == KEY_PRESS_STATE)
  38   1              {
  39   2                      key_value = GET_KEYPAD_RIGHT;
  40   2              }
  41   1              else 
  42   1              {
  43   2                      last_key_value = 0;             //release the key
  44   2              }
  45   1              
  46   1              if(key_value == last_key_value)
  47   1              {
  48   2                      key_value |= KEY_PRESS_AGAIN;
  49   2              }
  50   1              else 
  51   1              {
  52   2                      last_key_value = key_value;
  53   2              }
  54   1      }
C51 COMPILER V9.52.0.0   KEYPAD                                                            08/16/2015 16:49:23 PAGE 2   

  55          
  56          uint8 get_keypad()
  57          {
  58   1              uint8 keyretutn = key_value;
  59   1              key_value = 0;
  60   1              return keyretutn;
  61   1      }
  62          


MODULE INFORMATION:   STATIC OVERLAYABLE
   CODE SIZE        =     75    ----
   CONSTANT SIZE    =   ----    ----
   XDATA SIZE       =   ----    ----
   PDATA SIZE       =   ----    ----
   DATA SIZE        =      2    ----
   IDATA SIZE       =   ----    ----
   BIT SIZE         =   ----    ----
END OF MODULE INFORMATION.


C51 COMPILATION COMPLETE.  0 WARNING(S),  0 ERROR(S)
